#
# A fatal error has been detected by the Java Runtime Environment:
#
#  Internal Error (classfile/verifier.hpp:514), pid=95320, tid=90496
#  Error: ShouldNotReachHere()
#
# JRE version: Java(TM) SE Runtime Environment (17.0.5+9) (build 17.0.5+9-LTS-191)
# Java VM: Java HotSpot(TM) 64-Bit Server VM (17.0.5+9-LTS-191, mixed mode, sharing, tiered, compressed oops, compressed class ptrs, g1 gc, windows-amd64)
# No core dump will be written. Minidumps are not enabled by default on client versions of Windows
#
# If you would like to submit a bug report, please visit:
#   https://bugreport.java.com/bugreport/crash.jsp
#

---------------  S U M M A R Y ------------

Command Line: -Dfile.encoding=UTF-8 -XX:+ShowCodeDetailsInExceptionMessages pet.store.PetStoreApplication

Host: 11th Gen Intel(R) Core(TM) i7-11390H @ 3.40GHz, 8 cores, 15G,  Windows 11 , 64 bit Build 22621 (10.0.22621.1635)
Time: Tue Jun 13 13:30:49 2023 Eastern Daylight Time elapsed time: 241.509784 seconds (0d 0h 4m 1s)

---------------  T H R E A D  ---------------

Current thread (0x0000022e97b93e50):  JavaThread "http-nio-8080-exec-6" daemon [_thread_in_vm, id=90496, stack(0x0000003913200000,0x0000003913300000)]

Stack: [0x0000003913200000,0x0000003913300000]
Native frames: (J=compiled Java code, j=interpreted, Vv=VM code, C=native code)
V  [jvm.dll+0x672eea]
V  [jvm.dll+0x7d2a04]
V  [jvm.dll+0x7d41ae]
V  [jvm.dll+0x7d47c7]
V  [jvm.dll+0x242b7c]
V  [jvm.dll+0x242ac3]
V  [jvm.dll+0x6f76d0]
V  [jvm.dll+0x7c40c8]
V  [jvm.dll+0x7c00ec]
V  [jvm.dll+0x36c81c]
V  [jvm.dll+0x36c6b6]
V  [jvm.dll+0x36c6b6]
V  [jvm.dll+0x36c6b6]
V  [jvm.dll+0x36ba22]
V  [jvm.dll+0x36b9c8]
V  [jvm.dll+0x37b70a]
C  0x0000022e8001b82d

Java frames: (J=compiled Java code, j=interpreted, Vv=VM code)
j  org.springframework.web.servlet.mvc.method.annotation.ServletRequestDataBinderFactory.createBinderInstance(Ljava/lang/Object;Ljava/lang/String;Lorg/springframework/web/context/request/NativeWebRequest;)Lorg/springframework/web/bind/ServletRequestDataBinder;+0
j  org.springframework.web.servlet.mvc.method.annotation.ServletRequestDataBinderFactory.createBinderInstance(Ljava/lang/Object;Ljava/lang/String;Lorg/springframework/web/context/request/NativeWebRequest;)Lorg/springframework/web/bind/WebDataBinder;+4
j  org.springframework.web.bind.support.DefaultDataBinderFactory.createBinder(Lorg/springframework/web/context/request/NativeWebRequest;Ljava/lang/Object;Ljava/lang/String;)Lorg/springframework/web/bind/WebDataBinder;+4
j  org.springframework.web.servlet.mvc.method.annotation.RequestResponseBodyMethodProcessor.resolveArgument(Lorg/springframework/core/MethodParameter;Lorg/springframework/web/method/support/ModelAndViewContainer;Lorg/springframework/web/context/request/NativeWebRequest;Lorg/springframework/web/bind/support/WebDataBinderFactory;)Ljava/lang/Object;+35
j  org.springframework.web.method.support.HandlerMethodArgumentResolverComposite.resolveArgument(Lorg/springframework/core/MethodParameter;Lorg/springframework/web/method/support/ModelAndViewContainer;Lorg/springframework/web/context/request/NativeWebRequest;Lorg/springframework/web/bind/support/WebDataBinderFactory;)Ljava/lang/Object;+39
j  org.springframework.web.method.support.InvocableHandlerMethod.getMethodArgumentValues(Lorg/springframework/web/context/request/NativeWebRequest;Lorg/springframework/web/method/support/ModelAndViewContainer;[Ljava/lang/Object;)[Ljava/lang/Object;+118
j  org.springframework.web.method.support.InvocableHandlerMethod.invokeForRequest(Lorg/springframework/web/context/request/NativeWebRequest;Lorg/springframework/web/method/support/ModelAndViewContainer;[Ljava/lang/Object;)Ljava/lang/Object;+4
j  org.springframework.web.servlet.mvc.method.annotation.ServletInvocableHandlerMethod.invokeAndHandle(Lorg/springframework/web/context/request/ServletWebRequest;Lorg/springframework/web/method/support/ModelAndViewContainer;[Ljava/lang/Object;)V+4
j  org.springframework.web.servlet.mvc.method.annotation.RequestMappingHandlerAdapter.invokeHandlerMethod(Ljakarta/servlet/http/HttpServletRequest;Ljakarta/servlet/http/HttpServletResponse;Lorg/springframework/web/method/HandlerMethod;)Lorg/springframework/web/servlet/ModelAndView;+244
j  org.springframework.web.servlet.mvc.method.annotation.RequestMappingHandlerAdapter.handleInternal(Ljakarta/servlet/http/HttpServletRequest;Ljakarta/servlet/http/HttpServletResponse;Lorg/springframework/web/method/HandlerMethod;)Lorg/springframework/web/servlet/ModelAndView;+81
j  org.springframework.web.servlet.mvc.method.AbstractHandlerMethodAdapter.handle(Ljakarta/servlet/http/HttpServletRequest;Ljakarta/servlet/http/HttpServletResponse;Ljava/lang/Object;)Lorg/springframework/web/servlet/ModelAndView;+7
j  org.springframework.web.servlet.DispatcherServlet.doDispatch(Ljakarta/servlet/http/HttpServletRequest;Ljakarta/servlet/http/HttpServletResponse;)V+259
j  org.springframework.web.servlet.DispatcherServlet.doService(Ljakarta/servlet/http/HttpServletRequest;Ljakarta/servlet/http/HttpServletResponse;)V+242
j  org.springframework.web.servlet.FrameworkServlet.processRequest(Ljakarta/servlet/http/HttpServletRequest;Ljakarta/servlet/http/HttpServletResponse;)V+70
j  org.springframework.web.servlet.FrameworkServlet.doPost(Ljakarta/servlet/http/HttpServletRequest;Ljakarta/servlet/http/HttpServletResponse;)V+3
j  jakarta.servlet.http.HttpServlet.service(Ljakarta/servlet/http/HttpServletRequest;Ljakarta/servlet/http/HttpServletResponse;)V+149
j  org.springframework.web.servlet.FrameworkServlet.service(Ljakarta/servlet/http/HttpServletRequest;Ljakarta/servlet/http/HttpServletResponse;)V+20
j  jakarta.servlet.http.HttpServlet.service(Ljakarta/servlet/ServletRequest;Ljakarta/servlet/ServletResponse;)V+36
j  org.apache.catalina.core.ApplicationFilterChain.internalDoFilter(Ljakarta/servlet/ServletRequest;Ljakarta/servlet/ServletResponse;)V+305
j  org.apache.catalina.core.ApplicationFilterChain.doFilter(Ljakarta/servlet/ServletRequest;Ljakarta/servlet/ServletResponse;)V+99
j  org.apache.tomcat.websocket.server.WsFilter.doFilter(Ljakarta/servlet/ServletRequest;Ljakarta/servlet/ServletResponse;Ljakarta/servlet/FilterChain;)V+21
j  org.apache.catalina.core.ApplicationFilterChain.internalDoFilter(Ljakarta/servlet/ServletRequest;Ljakarta/servlet/ServletResponse;)V+135
j  org.apache.catalina.core.ApplicationFilterChain.doFilter(Ljakarta/servlet/ServletRequest;Ljakarta/servlet/ServletResponse;)V+99
j  org.springframework.web.filter.RequestContextFilter.doFilterInternal(Ljakarta/servlet/http/HttpServletRequest;Ljakarta/servlet/http/HttpServletResponse;Ljakarta/servlet/FilterChain;)V+21
j  org.springframework.web.filter.OncePerRequestFilter.doFilter(Ljakarta/servlet/ServletRequest;Ljakarta/servlet/ServletResponse;Ljakarta/servlet/FilterChain;)V+150
j  org.apache.catalina.core.ApplicationFilterChain.internalDoFilter(Ljakarta/servlet/ServletRequest;Ljakarta/servlet/ServletResponse;)V+135
j  org.apache.catalina.core.ApplicationFilterChain.doFilter(Ljakarta/servlet/ServletRequest;Ljakarta/servlet/ServletResponse;)V+99
j  org.springframework.web.filter.FormContentFilter.doFilterInternal(Ljakarta/servlet/http/HttpServletRequest;Ljakarta/servlet/http/HttpServletResponse;Ljakarta/servlet/FilterChain;)V+38
j  org.springframework.web.filter.OncePerRequestFilter.doFilter(Ljakarta/servlet/ServletRequest;Ljakarta/servlet/ServletResponse;Ljakarta/servlet/FilterChain;)V+150
j  org.apache.catalina.core.ApplicationFilterChain.internalDoFilter(Ljakarta/servlet/ServletRequest;Ljakarta/servlet/ServletResponse;)V+135
j  org.apache.catalina.core.ApplicationFilterChain.doFilter(Ljakarta/servlet/ServletRequest;Ljakarta/servlet/ServletResponse;)V+99
j  org.springframework.web.filter.CharacterEncodingFilter.doFilterInternal(Ljakarta/servlet/http/HttpServletRequest;Ljakarta/servlet/http/HttpServletResponse;Ljakarta/servlet/FilterChain;)V+53
j  org.springframework.web.filter.OncePerRequestFilter.doFilter(Ljakarta/servlet/ServletRequest;Ljakarta/servlet/ServletResponse;Ljakarta/servlet/FilterChain;)V+150
j  org.apache.catalina.core.ApplicationFilterChain.internalDoFilter(Ljakarta/servlet/ServletRequest;Ljakarta/servlet/ServletResponse;)V+135
j  org.apache.catalina.core.ApplicationFilterChain.doFilter(Ljakarta/servlet/ServletRequest;Ljakarta/servlet/ServletResponse;)V+99
j  org.apache.catalina.core.StandardWrapperValve.invoke(Lorg/apache/catalina/connector/Request;Lorg/apache/catalina/connector/Response;)V+514
j  org.apache.catalina.core.StandardContextValve.invoke(Lorg/apache/catalina/connector/Request;Lorg/apache/catalina/connector/Response;)V+169
j  org.apache.catalina.authenticator.AuthenticatorBase.invoke(Lorg/apache/catalina/connector/Request;Lorg/apache/catalina/connector/Response;)V+218
j  org.apache.catalina.core.StandardHostValve.invoke(Lorg/apache/catalina/connector/Request;Lorg/apache/catalina/connector/Response;)V+131
j  org.apache.catalina.valves.ErrorReportValve.invoke(Lorg/apache/catalina/connector/Request;Lorg/apache/catalina/connector/Response;)V+6
j  org.apache.catalina.core.StandardEngineValve.invoke(Lorg/apache/catalina/connector/Request;Lorg/apache/catalina/connector/Response;)V+59
j  org.apache.catalina.connector.CoyoteAdapter.service(Lorg/apache/coyote/Request;Lorg/apache/coyote/Response;)V+187
j  org.apache.coyote.http11.Http11Processor.service(Lorg/apache/tomcat/util/net/SocketWrapperBase;)Lorg/apache/tomcat/util/net/AbstractEndpoint$Handler$SocketState;+785
j  org.apache.coyote.AbstractProcessorLight.process(Lorg/apache/tomcat/util/net/SocketWrapperBase;Lorg/apache/tomcat/util/net/SocketEvent;)Lorg/apache/tomcat/util/net/AbstractEndpoint$Handler$SocketState;+152
j  org.apache.coyote.AbstractProtocol$ConnectionHandler.process(Lorg/apache/tomcat/util/net/SocketWrapperBase;Lorg/apache/tomcat/util/net/SocketEvent;)Lorg/apache/tomcat/util/net/AbstractEndpoint$Handler$SocketState;+482
j  org.apache.tomcat.util.net.NioEndpoint$SocketProcessor.doRun()V+249
j  org.apache.tomcat.util.net.SocketProcessorBase.run()V+32
j  org.apache.tomcat.util.threads.ThreadPoolExecutor.runWorker(Lorg/apache/tomcat/util/threads/ThreadPoolExecutor$Worker;)V+92
j  org.apache.tomcat.util.threads.ThreadPoolExecutor$Worker.run()V+5
j  org.apache.tomcat.util.threads.TaskThread$WrappingRunnable.run()V+4
j  java.lang.Thread.run()V+11 java.base@17.0.5
v  ~StubRoutines::call_stub

---------------  P R O C E S S  ---------------

Threads class SMR info:
_java_thread_list=0x0000022e9591eba0, length=29, elements={
0x0000022eff413db0, 0x0000022eff416f80, 0x0000022eff42a4a0, 0x0000022eff42af60,
0x0000022eff42cb20, 0x0000022eff42f4e0, 0x0000022eff430270, 0x0000022eff439530,
0x0000022eff439f20, 0x0000022eff569940, 0x0000022eff575aa0, 0x0000022e9656d330,
0x0000022e965989d0, 0x0000022e97b50950, 0x0000022e95623030, 0x0000022e97b93980,
0x0000022e97b92640, 0x0000022e97b91ca0, 0x0000022e97b92b10, 0x0000022e97b95660,
0x0000022e97b92170, 0x0000022e97b93e50, 0x0000022e97b92fe0, 0x0000022e97b94320,
0x0000022e97b947f0, 0x0000022e97b94cc0, 0x0000022e97b95190, 0x0000022e96238ed0,
0x0000022e962393a0
}

Java Threads: ( => current thread )
  0x0000022eff413db0 JavaThread "Reference Handler" daemon [_thread_blocked, id=93316, stack(0x0000003911000000,0x0000003911100000)]
  0x0000022eff416f80 JavaThread "Finalizer" daemon [_thread_blocked, id=84308, stack(0x0000003911100000,0x0000003911200000)]
  0x0000022eff42a4a0 JavaThread "Signal Dispatcher" daemon [_thread_blocked, id=93720, stack(0x0000003911200000,0x0000003911300000)]
  0x0000022eff42af60 JavaThread "Attach Listener" daemon [_thread_blocked, id=71192, stack(0x0000003911300000,0x0000003911400000)]
  0x0000022eff42cb20 JavaThread "Service Thread" daemon [_thread_blocked, id=76784, stack(0x0000003911400000,0x0000003911500000)]
  0x0000022eff42f4e0 JavaThread "Monitor Deflation Thread" daemon [_thread_blocked, id=65752, stack(0x0000003911500000,0x0000003911600000)]
  0x0000022eff430270 JavaThread "C2 CompilerThread0" daemon [_thread_blocked, id=28508, stack(0x0000003911600000,0x0000003911700000)]
  0x0000022eff439530 JavaThread "C1 CompilerThread0" daemon [_thread_blocked, id=97528, stack(0x0000003911700000,0x0000003911800000)]
  0x0000022eff439f20 JavaThread "Sweeper thread" daemon [_thread_blocked, id=92848, stack(0x0000003911800000,0x0000003911900000)]
  0x0000022eff569940 JavaThread "Notification Thread" daemon [_thread_blocked, id=84316, stack(0x0000003911900000,0x0000003911a00000)]
  0x0000022eff575aa0 JavaThread "Common-Cleaner" daemon [_thread_blocked, id=92920, stack(0x0000003911b00000,0x0000003911c00000)]
  0x0000022e9656d330 JavaThread "Catalina-utility-1" [_thread_blocked, id=72224, stack(0x0000003912600000,0x0000003912700000)]
  0x0000022e965989d0 JavaThread "Catalina-utility-2" [_thread_blocked, id=96304, stack(0x0000003912700000,0x0000003912800000)]
  0x0000022e97b50950 JavaThread "container-0" [_thread_blocked, id=97452, stack(0x0000003912800000,0x0000003912900000)]
  0x0000022e95623030 JavaThread "mysql-cj-abandoned-connection-cleanup" daemon [_thread_blocked, id=87124, stack(0x0000003912900000,0x0000003912a00000)]
  0x0000022e97b93980 JavaThread "HikariPool-1 housekeeper" daemon [_thread_blocked, id=53312, stack(0x0000003912a00000,0x0000003912b00000)]
  0x0000022e97b92640 JavaThread "http-nio-8080-exec-1" daemon [_thread_blocked, id=77508, stack(0x0000003912d00000,0x0000003912e00000)]
  0x0000022e97b91ca0 JavaThread "http-nio-8080-exec-2" daemon [_thread_blocked, id=87392, stack(0x0000003912e00000,0x0000003912f00000)]
  0x0000022e97b92b10 JavaThread "http-nio-8080-exec-3" daemon [_thread_blocked, id=97156, stack(0x0000003912f00000,0x0000003913000000)]
  0x0000022e97b95660 JavaThread "http-nio-8080-exec-4" daemon [_thread_blocked, id=61292, stack(0x0000003913000000,0x0000003913100000)]
  0x0000022e97b92170 JavaThread "http-nio-8080-exec-5" daemon [_thread_blocked, id=80876, stack(0x0000003913100000,0x0000003913200000)]
=>0x0000022e97b93e50 JavaThread "http-nio-8080-exec-6" daemon [_thread_in_vm, id=90496, stack(0x0000003913200000,0x0000003913300000)]
  0x0000022e97b92fe0 JavaThread "http-nio-8080-exec-7" daemon [_thread_blocked, id=59884, stack(0x0000003913300000,0x0000003913400000)]
  0x0000022e97b94320 JavaThread "http-nio-8080-exec-8" daemon [_thread_blocked, id=10880, stack(0x0000003913400000,0x0000003913500000)]
  0x0000022e97b947f0 JavaThread "http-nio-8080-exec-9" daemon [_thread_blocked, id=69176, stack(0x0000003913500000,0x0000003913600000)]
  0x0000022e97b94cc0 JavaThread "http-nio-8080-exec-10" daemon [_thread_blocked, id=35044, stack(0x0000003913600000,0x0000003913700000)]
  0x0000022e97b95190 JavaThread "http-nio-8080-Poller" daemon [_thread_in_native, id=89468, stack(0x0000003913700000,0x0000003913800000)]
  0x0000022e96238ed0 JavaThread "http-nio-8080-Acceptor" daemon [_thread_in_native, id=79452, stack(0x0000003913800000,0x0000003913900000)]
  0x0000022e962393a0 JavaThread "DestroyJavaVM" [_thread_blocked, id=93792, stack(0x0000003910900000,0x0000003910a00000)]

Other Threads:
  0x0000022eff410320 VMThread "VM Thread" [stack: 0x0000003910f00000,0x0000003911000000] [id=23708]
  0x0000022eff569e10 WatcherThread [stack: 0x0000003911a00000,0x0000003911b00000] [id=97348]
  0x0000022eef76dd50 GCTaskThread "GC Thread#0" [stack: 0x0000003910a00000,0x0000003910b00000] [id=10420]
  0x0000022e93459140 GCTaskThread "GC Thread#1" [stack: 0x0000003911d00000,0x0000003911e00000] [id=92284]
  0x0000022e93cd9670 GCTaskThread "GC Thread#2" [stack: 0x0000003911e00000,0x0000003911f00000] [id=74236]
  0x0000022e93cd9920 GCTaskThread "GC Thread#3" [stack: 0x0000003911f00000,0x0000003912000000] [id=88756]
  0x0000022e93cd9bd0 GCTaskThread "GC Thread#4" [stack: 0x0000003912000000,0x0000003912100000] [id=66468]
  0x0000022e93cd9e80 GCTaskThread "GC Thread#5" [stack: 0x0000003912100000,0x0000003912200000] [id=54320]
  0x0000022e93f4cb70 GCTaskThread "GC Thread#6" [stack: 0x0000003912300000,0x0000003912400000] [id=89300]
  0x0000022e9401dc10 GCTaskThread "GC Thread#7" [stack: 0x0000003912400000,0x0000003912500000] [id=84908]
  0x0000022eef7bc7b0 ConcurrentGCThread "G1 Main Marker" [stack: 0x0000003910b00000,0x0000003910c00000] [id=95860]
  0x0000022eef7bd1c0 ConcurrentGCThread "G1 Conc#0" [stack: 0x0000003910c00000,0x0000003910d00000] [id=93116]
  0x0000022e956a57c0 ConcurrentGCThread "G1 Conc#1" [stack: 0x0000003912200000,0x0000003912300000] [id=19948]
  0x0000022efed7a2e0 ConcurrentGCThread "G1 Refine#0" [stack: 0x0000003910d00000,0x0000003910e00000] [id=94264]
  0x0000022efed7cbc0 ConcurrentGCThread "G1 Service" [stack: 0x0000003910e00000,0x0000003910f00000] [id=42284]

Threads with active compile tasks:

VM state: not at safepoint (normal execution)

VM Mutex/Monitor currently owned by a thread: None

Heap address: 0x0000000703e00000, size: 4034 MB, Compressed Oops mode: Zero based, Oop shift amount: 3

CDS archive(s) mapped at: [0x0000000800000000-0x0000000800bd0000-0x0000000800bd0000), size 12386304, SharedBaseAddress: 0x0000000800000000, ArchiveRelocationMode: 0.
Compressed class space mapped at: 0x0000000800c00000-0x0000000840c00000, reserved size: 1073741824
Narrow klass base: 0x0000000800000000, Narrow klass shift: 0, Narrow klass range: 0x100000000

GC Precious Log:
 CPUs: 8 total, 8 available
 Memory: 16129M
 Large Page Support: Disabled
 NUMA Support: Disabled
 Compressed Oops: Enabled (Zero based)
 Heap Region Size: 2M
 Heap Min Capacity: 8M
 Heap Initial Capacity: 254M
 Heap Max Capacity: 4034M
 Pre-touch: Disabled
 Parallel Workers: 8
 Concurrent Workers: 2
 Concurrent Refinement Workers: 8
 Periodic GC: Disabled

Heap:
 garbage-first heap   total 102400K, used 51297K [0x0000000703e00000, 0x0000000800000000)
  region size 2048K, 17 young (34816K), 3 survivors (6144K)
 Metaspace       used 63725K, committed 64256K, reserved 1105920K
  class space    used 8638K, committed 8896K, reserved 1048576K

Heap Regions: E=young(eden), S=young(survivor), O=old, HS=humongous(starts), HC=humongous(continues), CS=collection set, F=free, OA=open archive, CA=closed archive, TAMS=top-at-mark-start (previous, next)
|   0|0x0000000703e00000, 0x0000000704000000, 0x0000000704000000|100%| O|  |TAMS 0x0000000704000000, 0x0000000703e00000| Untracked 
|   1|0x0000000704000000, 0x0000000704200000, 0x0000000704200000|100%| O|  |TAMS 0x0000000704200000, 0x0000000704000000| Untracked 
|   2|0x0000000704200000, 0x0000000704400000, 0x0000000704400000|100%| O|  |TAMS 0x0000000704400000, 0x0000000704200000| Untracked 
|   3|0x0000000704400000, 0x00000007044a3a00, 0x0000000704600000| 31%| O|  |TAMS 0x00000007044a3a00, 0x0000000704400000| Untracked 
|   4|0x0000000704600000, 0x0000000704800000, 0x0000000704800000|100%| O|  |TAMS 0x0000000704800000, 0x0000000704600000| Untracked 
|   5|0x0000000704800000, 0x0000000704a00000, 0x0000000704a00000|100%| O|  |TAMS 0x0000000704a00000, 0x0000000704800000| Untracked 
|   6|0x0000000704a00000, 0x0000000704c00000, 0x0000000704c00000|100%| O|  |TAMS 0x0000000704c00000, 0x0000000704a00000| Untracked 
|   7|0x0000000704c00000, 0x0000000704e00000, 0x0000000704e00000|100%| O|  |TAMS 0x0000000704e00000, 0x0000000704c00000| Untracked 
|   8|0x0000000704e00000, 0x0000000705000000, 0x0000000705000000|100%| O|  |TAMS 0x0000000705000000, 0x0000000704e00000| Untracked 
|   9|0x0000000705000000, 0x0000000705200000, 0x0000000705200000|100%| O|  |TAMS 0x0000000705200000, 0x0000000705000000| Untracked 
|  10|0x0000000705200000, 0x0000000705287800, 0x0000000705400000| 26%| O|  |TAMS 0x0000000705287800, 0x0000000705200000| Untracked 
|  11|0x0000000705400000, 0x0000000705400000, 0x0000000705600000|  0%| F|  |TAMS 0x0000000705400000, 0x0000000705400000| Untracked 
|  12|0x0000000705600000, 0x0000000705600000, 0x0000000705800000|  0%| F|  |TAMS 0x0000000705600000, 0x0000000705600000| Untracked 
|  13|0x0000000705800000, 0x0000000705800000, 0x0000000705a00000|  0%| F|  |TAMS 0x0000000705800000, 0x0000000705800000| Untracked 
|  14|0x0000000705a00000, 0x0000000705a00000, 0x0000000705c00000|  0%| F|  |TAMS 0x0000000705a00000, 0x0000000705a00000| Untracked 
|  15|0x0000000705c00000, 0x0000000705c00000, 0x0000000705e00000|  0%| F|  |TAMS 0x0000000705c00000, 0x0000000705c00000| Untracked 
|  16|0x0000000705e00000, 0x0000000705e00000, 0x0000000706000000|  0%| F|  |TAMS 0x0000000705e00000, 0x0000000705e00000| Untracked 
|  17|0x0000000706000000, 0x0000000706000000, 0x0000000706200000|  0%| F|  |TAMS 0x0000000706000000, 0x0000000706000000| Untracked 
|  18|0x0000000706200000, 0x0000000706200000, 0x0000000706400000|  0%| F|  |TAMS 0x0000000706200000, 0x0000000706200000| Untracked 
|  19|0x0000000706400000, 0x0000000706400000, 0x0000000706600000|  0%| F|  |TAMS 0x0000000706400000, 0x0000000706400000| Untracked 
|  20|0x0000000706600000, 0x0000000706600000, 0x0000000706800000|  0%| F|  |TAMS 0x0000000706600000, 0x0000000706600000| Untracked 
|  21|0x0000000706800000, 0x0000000706800000, 0x0000000706a00000|  0%| F|  |TAMS 0x0000000706800000, 0x0000000706800000| Untracked 
|  22|0x0000000706a00000, 0x0000000706a00000, 0x0000000706c00000|  0%| F|  |TAMS 0x0000000706a00000, 0x0000000706a00000| Untracked 
|  23|0x0000000706c00000, 0x0000000706c00000, 0x0000000706e00000|  0%| F|  |TAMS 0x0000000706c00000, 0x0000000706c00000| Untracked 
|  24|0x0000000706e00000, 0x0000000706e00000, 0x0000000707000000|  0%| F|  |TAMS 0x0000000706e00000, 0x0000000706e00000| Untracked 
|  25|0x0000000707000000, 0x0000000707000000, 0x0000000707200000|  0%| F|  |TAMS 0x0000000707000000, 0x0000000707000000| Untracked 
|  26|0x0000000707200000, 0x0000000707200000, 0x0000000707400000|  0%| F|  |TAMS 0x0000000707200000, 0x0000000707200000| Untracked 
|  27|0x0000000707400000, 0x0000000707400000, 0x0000000707600000|  0%| F|  |TAMS 0x0000000707400000, 0x0000000707400000| Untracked 
|  28|0x0000000707600000, 0x0000000707600000, 0x0000000707800000|  0%| F|  |TAMS 0x0000000707600000, 0x0000000707600000| Untracked 
|  29|0x0000000707800000, 0x0000000707800000, 0x0000000707a00000|  0%| F|  |TAMS 0x0000000707800000, 0x0000000707800000| Untracked 
|  30|0x0000000707a00000, 0x0000000707a00000, 0x0000000707c00000|  0%| F|  |TAMS 0x0000000707a00000, 0x0000000707a00000| Untracked 
|  31|0x0000000707c00000, 0x0000000707c00000, 0x0000000707e00000|  0%| F|  |TAMS 0x0000000707c00000, 0x0000000707c00000| Untracked 
|  32|0x0000000707e00000, 0x0000000707e00000, 0x0000000708000000|  0%| F|  |TAMS 0x0000000707e00000, 0x0000000707e00000| Untracked 
|  33|0x0000000708000000, 0x00000007080f1270, 0x0000000708200000| 47%| E|  |TAMS 0x0000000708000000, 0x0000000708000000| Complete 
|  34|0x0000000708200000, 0x0000000708400000, 0x0000000708400000|100%| E|CS|TAMS 0x0000000708200000, 0x0000000708200000| Complete 
|  35|0x0000000708400000, 0x0000000708600000, 0x0000000708600000|100%| E|CS|TAMS 0x0000000708400000, 0x0000000708400000| Complete 
|  36|0x0000000708600000, 0x0000000708800000, 0x0000000708800000|100%| E|CS|TAMS 0x0000000708600000, 0x0000000708600000| Complete 
|  37|0x0000000708800000, 0x0000000708a00000, 0x0000000708a00000|100%| E|CS|TAMS 0x0000000708800000, 0x0000000708800000| Complete 
|  38|0x0000000708a00000, 0x0000000708c00000, 0x0000000708c00000|100%| E|CS|TAMS 0x0000000708a00000, 0x0000000708a00000| Complete 
|  39|0x0000000708c00000, 0x0000000708e00000, 0x0000000708e00000|100%| E|CS|TAMS 0x0000000708c00000, 0x0000000708c00000| Complete 
|  40|0x0000000708e00000, 0x0000000709000000, 0x0000000709000000|100%| E|CS|TAMS 0x0000000708e00000, 0x0000000708e00000| Complete 
|  41|0x0000000709000000, 0x0000000709200000, 0x0000000709200000|100%| E|CS|TAMS 0x0000000709000000, 0x0000000709000000| Complete 
|  42|0x0000000709200000, 0x0000000709400000, 0x0000000709400000|100%| E|CS|TAMS 0x0000000709200000, 0x0000000709200000| Complete 
|  43|0x0000000709400000, 0x0000000709600000, 0x0000000709600000|100%| E|CS|TAMS 0x0000000709400000, 0x0000000709400000| Complete 
|  44|0x0000000709600000, 0x0000000709800000, 0x0000000709800000|100%| E|CS|TAMS 0x0000000709600000, 0x0000000709600000| Complete 
|  45|0x0000000709800000, 0x0000000709a00000, 0x0000000709a00000|100%| E|CS|TAMS 0x0000000709800000, 0x0000000709800000| Complete 
|  63|0x000000070bc00000, 0x000000070bced350, 0x000000070be00000| 46%| S|CS|TAMS 0x000000070bc00000, 0x000000070bc00000| Complete 
|  64|0x000000070be00000, 0x000000070c000000, 0x000000070c000000|100%| S|CS|TAMS 0x000000070be00000, 0x000000070be00000| Complete 
|  65|0x000000070c000000, 0x000000070c200000, 0x000000070c200000|100%| S|CS|TAMS 0x000000070c000000, 0x000000070c000000| Complete 
| 126|0x0000000713a00000, 0x0000000713c00000, 0x0000000713c00000|100%| E|CS|TAMS 0x0000000713a00000, 0x0000000713a00000| Complete 

Card table byte_map: [0x0000022ef7a90000,0x0000022ef8280000] _byte_map_base: 0x0000022ef4271000

Marking Bits (Prev, Next): (CMBitMap*) 0x0000022eef76e3a0, (CMBitMap*) 0x0000022eef76e360
 Prev Bits: [0x0000022e8f000000, 0x0000022e92f08000)
 Next Bits: [0x0000022ef8a70000, 0x0000022efc978000)

Polling page: 0x0000022eed6f0000

Metaspace:

Usage:
  Non-class:     53.80 MB used.
      Class:      8.44 MB used.
       Both:     62.23 MB used.

Virtual space:
  Non-class space:       56.00 MB reserved,      54.06 MB ( 97%) committed,  7 nodes.
      Class space:        1.00 GB reserved,       8.69 MB ( <1%) committed,  1 nodes.
             Both:        1.05 GB reserved,      62.75 MB (  6%) committed. 

Chunk freelists:
   Non-Class:  1.98 MB
       Class:  3.16 MB
        Both:  5.14 MB

MaxMetaspaceSize: unlimited
CompressedClassSpaceSize: 1.00 GB
Initial GC threshold: 21.00 MB
Current GC threshold: 98.56 MB
CDS: on
MetaspaceReclaimPolicy: balanced
 - commit_granule_bytes: 65536.
 - commit_granule_words: 8192.
 - virtual_space_node_default_size: 1048576.
 - enlarge_chunks_in_place: 1.
 - new_chunks_are_fully_committed: 0.
 - uncommit_free_chunks: 1.
 - use_allocation_guard: 0.
 - handle_deallocations: 1.


Internal statistics:

num_allocs_failed_limit: 9.
num_arena_births: 686.
num_arena_deaths: 0.
num_vsnodes_births: 8.
num_vsnodes_deaths: 0.
num_space_committed: 1004.
num_space_uncommitted: 0.
num_chunks_returned_to_freelist: 9.
num_chunks_taken_from_freelist: 2867.
num_chunk_merges: 9.
num_chunk_splits: 2101.
num_chunks_enlarged: 1669.
num_purges: 0.
num_inconsistent_stats: 0.

CodeHeap 'non-profiled nmethods': size=120000Kb used=3437Kb max_used=3437Kb free=116563Kb
 bounds [0x0000022e87ad0000, 0x0000022e87e60000, 0x0000022e8f000000]
CodeHeap 'profiled nmethods': size=120000Kb used=9346Kb max_used=10273Kb free=110653Kb
 bounds [0x0000022e805a0000, 0x0000022e80fb0000, 0x0000022e87ad0000]
CodeHeap 'non-nmethods': size=5760Kb used=1372Kb max_used=1429Kb free=4387Kb
 bounds [0x0000022e80000000, 0x0000022e80270000, 0x0000022e805a0000]
 total_blobs=5504 nmethods=4809 adapters=605
 compilation: enabled
              stopped_count=0, restarted_count=0
 full_count=0

Compilation events (20 events):
Event: 233.240 Thread 0x0000022eff439530 5601       3       java.util.concurrent.locks.ReentrantReadWriteLock$NonfairSync::readerShouldBlock (5 bytes)
Event: 233.241 Thread 0x0000022eff439530 nmethod 5601 0x0000022e80620a10 code [0x0000022e80620ba0, 0x0000022e80620ce8]
Event: 233.241 Thread 0x0000022eff439530 5602       3       java.util.concurrent.locks.AbstractQueuedSynchronizer::apparentlyFirstQueuedIsExclusive (38 bytes)
Event: 233.241 Thread 0x0000022eff439530 nmethod 5602 0x0000022e80736d90 code [0x0000022e80736f40, 0x0000022e807372b8]
Event: 233.241 Thread 0x0000022eff439530 5603       3       java.util.concurrent.locks.ReentrantReadWriteLock$ReadLock::unlock (10 bytes)
Event: 233.241 Thread 0x0000022eff439530 nmethod 5603 0x0000022e80705890 code [0x0000022e80705a60, 0x0000022e80705d38]
Event: 233.241 Thread 0x0000022eff439530 5604       3       java.util.concurrent.locks.ReentrantReadWriteLock$Sync::tryReleaseShared (146 bytes)
Event: 233.241 Thread 0x0000022eff439530 nmethod 5604 0x0000022e80704710 code [0x0000022e80704960, 0x0000022e807054b8]
Event: 241.493 Thread 0x0000022eff439530 5605       1       org.apache.tomcat.util.buf.AbstractChunk::getEnd (5 bytes)
Event: 241.494 Thread 0x0000022eff439530 nmethod 5605 0x0000022e87c9ba90 code [0x0000022e87c9bc20, 0x0000022e87c9bcf8]
Event: 241.494 Thread 0x0000022eff439530 5606       3       org.apache.juli.logging.DirectJDKLog::isDebugEnabled (11 bytes)
Event: 241.494 Thread 0x0000022eff439530 nmethod 5606 0x0000022e80704190 code [0x0000022e80704340, 0x0000022e807045f8]
Event: 241.494 Thread 0x0000022eff439530 5607       3       org.apache.catalina.connector.Request::getAttribute (320 bytes)
Event: 241.495 Thread 0x0000022eff439530 nmethod 5607 0x0000022e80900e10 code [0x0000022e80901200, 0x0000022e80902f68]
Event: 241.495 Thread 0x0000022eff439530 5609       3       java.nio.charset.CharsetDecoder::reset (11 bytes)
Event: 241.495 Thread 0x0000022eff439530 nmethod 5609 0x0000022e80900790 code [0x0000022e80900920, 0x0000022e80900b18]
Event: 241.495 Thread 0x0000022eff439530 5608       1       org.apache.coyote.Request::method (5 bytes)
Event: 241.495 Thread 0x0000022eff439530 nmethod 5608 0x0000022e87c9b790 code [0x0000022e87c9b920, 0x0000022e87c9b9f8]
Event: 241.495 Thread 0x0000022eff439530 5610       1       org.springframework.util.MimeType::getType (5 bytes)
Event: 241.495 Thread 0x0000022eff439530 nmethod 5610 0x0000022e87b3fb90 code [0x0000022e87b3fd20, 0x0000022e87b3fdf8]

GC Heap History (20 events):
Event: 2.057 GC heap before
{Heap before GC invocations=2 (full 0):
 garbage-first heap   total 260096K, used 58101K [0x0000000703e00000, 0x0000000800000000)
  region size 2048K, 26 young (53248K), 2 survivors (4096K)
 Metaspace       used 20369K, committed 20608K, reserved 1073152K
  class space    used 2556K, committed 2688K, reserved 1048576K
}
Event: 2.061 GC heap after
{Heap after GC invocations=3 (full 0):
 garbage-first heap   total 260096K, used 12218K [0x0000000703e00000, 0x0000000800000000)
  region size 2048K, 3 young (6144K), 3 survivors (6144K)
 Metaspace       used 20369K, committed 20608K, reserved 1073152K
  class space    used 2556K, committed 2688K, reserved 1048576K
}
Event: 2.198 GC heap before
{Heap before GC invocations=3 (full 0):
 garbage-first heap   total 260096K, used 16314K [0x0000000703e00000, 0x0000000800000000)
  region size 2048K, 6 young (12288K), 3 survivors (6144K)
 Metaspace       used 21190K, committed 21504K, reserved 1073152K
  class space    used 2674K, committed 2816K, reserved 1048576K
}
Event: 2.201 GC heap after
{Heap after GC invocations=4 (full 0):
 garbage-first heap   total 260096K, used 12766K [0x0000000703e00000, 0x0000000800000000)
  region size 2048K, 3 young (6144K), 3 survivors (6144K)
 Metaspace       used 21190K, committed 21504K, reserved 1073152K
  class space    used 2674K, committed 2816K, reserved 1048576K
}
Event: 3.011 GC heap before
{Heap before GC invocations=5 (full 0):
 garbage-first heap   total 55296K, used 39390K [0x0000000703e00000, 0x0000000800000000)
  region size 2048K, 16 young (32768K), 3 survivors (6144K)
 Metaspace       used 27145K, committed 27520K, reserved 1073152K
  class space    used 3469K, committed 3648K, reserved 1048576K
}
Event: 3.020 GC heap after
{Heap after GC invocations=6 (full 0):
 garbage-first heap   total 55296K, used 15974K [0x0000000703e00000, 0x0000000800000000)
  region size 2048K, 2 young (4096K), 2 survivors (4096K)
 Metaspace       used 27145K, committed 27520K, reserved 1073152K
  class space    used 3469K, committed 3648K, reserved 1048576K
}
Event: 3.628 GC heap before
{Heap before GC invocations=6 (full 0):
 garbage-first heap   total 55296K, used 34406K [0x0000000703e00000, 0x0000000800000000)
  region size 2048K, 12 young (24576K), 2 survivors (4096K)
 Metaspace       used 31576K, committed 32000K, reserved 1081344K
  class space    used 4110K, committed 4288K, reserved 1048576K
}
Event: 3.634 GC heap after
{Heap after GC invocations=7 (full 0):
 garbage-first heap   total 55296K, used 17398K [0x0000000703e00000, 0x0000000800000000)
  region size 2048K, 1 young (2048K), 1 survivors (2048K)
 Metaspace       used 31576K, committed 32000K, reserved 1081344K
  class space    used 4110K, committed 4288K, reserved 1048576K
}
Event: 3.967 GC heap before
{Heap before GC invocations=7 (full 0):
 garbage-first heap   total 55296K, used 29686K [0x0000000703e00000, 0x0000000800000000)
  region size 2048K, 8 young (16384K), 1 survivors (2048K)
 Metaspace       used 35721K, committed 36096K, reserved 1081344K
  class space    used 4666K, committed 4864K, reserved 1048576K
}
Event: 3.969 GC heap after
{Heap after GC invocations=8 (full 0):
 garbage-first heap   total 55296K, used 18015K [0x0000000703e00000, 0x0000000800000000)
  region size 2048K, 2 young (4096K), 2 survivors (4096K)
 Metaspace       used 35721K, committed 36096K, reserved 1081344K
  class space    used 4666K, committed 4864K, reserved 1048576K
}
Event: 4.507 GC heap before
{Heap before GC invocations=9 (full 0):
 garbage-first heap   total 55296K, used 36447K [0x0000000703e00000, 0x0000000800000000)
  region size 2048K, 11 young (22528K), 2 survivors (4096K)
 Metaspace       used 43781K, committed 44224K, reserved 1089536K
  class space    used 5710K, committed 5888K, reserved 1048576K
}
Event: 4.510 GC heap after
{Heap after GC invocations=10 (full 0):
 garbage-first heap   total 55296K, used 19777K [0x0000000703e00000, 0x0000000800000000)
  region size 2048K, 2 young (4096K), 2 survivors (4096K)
 Metaspace       used 43781K, committed 44224K, reserved 1089536K
  class space    used 5710K, committed 5888K, reserved 1048576K
}
Event: 4.938 GC heap before
{Heap before GC invocations=10 (full 0):
 garbage-first heap   total 55296K, used 36161K [0x0000000703e00000, 0x0000000800000000)
  region size 2048K, 11 young (22528K), 2 survivors (4096K)
 Metaspace       used 49390K, committed 49792K, reserved 1097728K
  class space    used 6490K, committed 6656K, reserved 1048576K
}
Event: 4.942 GC heap after
{Heap after GC invocations=11 (full 0):
 garbage-first heap   total 55296K, used 20777K [0x0000000703e00000, 0x0000000800000000)
  region size 2048K, 2 young (4096K), 2 survivors (4096K)
 Metaspace       used 49390K, committed 49792K, reserved 1097728K
  class space    used 6490K, committed 6656K, reserved 1048576K
}
Event: 5.229 GC heap before
{Heap before GC invocations=11 (full 0):
 garbage-first heap   total 55296K, used 37161K [0x0000000703e00000, 0x0000000800000000)
  region size 2048K, 11 young (22528K), 2 survivors (4096K)
 Metaspace       used 53468K, committed 53952K, reserved 1097728K
  class space    used 7209K, committed 7424K, reserved 1048576K
}
Event: 5.232 GC heap after
{Heap after GC invocations=12 (full 0):
 garbage-first heap   total 55296K, used 21955K [0x0000000703e00000, 0x0000000800000000)
  region size 2048K, 2 young (4096K), 2 survivors (4096K)
 Metaspace       used 53468K, committed 53952K, reserved 1097728K
  class space    used 7209K, committed 7424K, reserved 1048576K
}
Event: 5.859 GC heap before
{Heap before GC invocations=12 (full 0):
 garbage-first heap   total 55296K, used 38339K [0x0000000703e00000, 0x0000000800000000)
  region size 2048K, 10 young (20480K), 2 survivors (4096K)
 Metaspace       used 57482K, committed 57984K, reserved 1105920K
  class space    used 7730K, committed 7936K, reserved 1048576K
}
Event: 5.861 GC heap after
{Heap after GC invocations=13 (full 0):
 garbage-first heap   total 157696K, used 22852K [0x0000000703e00000, 0x0000000800000000)
  region size 2048K, 2 young (4096K), 2 survivors (4096K)
 Metaspace       used 57482K, committed 57984K, reserved 1105920K
  class space    used 7730K, committed 7936K, reserved 1048576K
}
Event: 6.460 GC heap before
{Heap before GC invocations=13 (full 0):
 garbage-first heap   total 157696K, used 43332K [0x0000000703e00000, 0x0000000800000000)
  region size 2048K, 13 young (26624K), 2 survivors (4096K)
 Metaspace       used 59983K, committed 60416K, reserved 1105920K
  class space    used 8111K, committed 8320K, reserved 1048576K
}
Event: 6.466 GC heap after
{Heap after GC invocations=14 (full 0):
 garbage-first heap   total 157696K, used 24673K [0x0000000703e00000, 0x0000000800000000)
  region size 2048K, 3 young (6144K), 3 survivors (6144K)
 Metaspace       used 59983K, committed 60416K, reserved 1105920K
  class space    used 8111K, committed 8320K, reserved 1048576K
}

Deoptimization events (20 events):
Event: 65.259 Thread 0x0000022e97b92170 Uncommon trap: trap_request=0xffffff45 fr.pc=0x0000022e87b0b620 relative=0x0000000000000500
Event: 65.259 Thread 0x0000022e97b92170 Uncommon trap: reason=unstable_if action=reinterpret pc=0x0000022e87b0b620 method=java.lang.AbstractStringBuilder.putStringAt(ILjava/lang/String;II)V @ 8 c2
Event: 65.259 Thread 0x0000022e97b92170 DEOPT PACKING pc=0x0000022e87b0b620 sp=0x00000039131fd3b0
Event: 65.259 Thread 0x0000022e97b92170 DEOPT UNPACKING pc=0x0000022e80055ba3 sp=0x00000039131fd2a0 mode 2
Event: 65.259 Thread 0x0000022e97b92170 Uncommon trap: trap_request=0xffffff45 fr.pc=0x0000022e87b55cd0 relative=0x0000000000000130
Event: 65.259 Thread 0x0000022e97b92170 Uncommon trap: reason=unstable_if action=reinterpret pc=0x0000022e87b55cd0 method=java.lang.StringConcatHelper.prepend(J[BLjava/lang/String;)J @ 13 c2
Event: 65.259 Thread 0x0000022e97b92170 DEOPT PACKING pc=0x0000022e87b55cd0 sp=0x00000039131fd740
Event: 65.259 Thread 0x0000022e97b92170 DEOPT UNPACKING pc=0x0000022e80055ba3 sp=0x00000039131fd6f0 mode 2
Event: 65.259 Thread 0x0000022e97b92170 Uncommon trap: trap_request=0xffffff45 fr.pc=0x0000022e87b4d6fc relative=0x00000000000000fc
Event: 65.259 Thread 0x0000022e97b92170 Uncommon trap: reason=unstable_if action=reinterpret pc=0x0000022e87b4d6fc method=java.lang.String.getBytes([BIB)V @ 5 c2
Event: 65.259 Thread 0x0000022e97b92170 DEOPT PACKING pc=0x0000022e87b4d6fc sp=0x00000039131fd690
Event: 65.259 Thread 0x0000022e97b92170 DEOPT UNPACKING pc=0x0000022e80055ba3 sp=0x00000039131fd658 mode 2
Event: 65.259 Thread 0x0000022e97b92170 Uncommon trap: trap_request=0xffffff45 fr.pc=0x0000022e87ba1950 relative=0x00000000000000b0
Event: 65.259 Thread 0x0000022e97b92170 Uncommon trap: reason=unstable_if action=reinterpret pc=0x0000022e87ba1950 method=java.lang.StringConcatHelper.newString([BJ)Ljava/lang/String; @ 3 c2
Event: 65.259 Thread 0x0000022e97b92170 DEOPT PACKING pc=0x0000022e87ba1950 sp=0x00000039131fd770
Event: 65.259 Thread 0x0000022e97b92170 DEOPT UNPACKING pc=0x0000022e80055ba3 sp=0x00000039131fd6f8 mode 2
Event: 65.264 Thread 0x0000022e97b92170 Uncommon trap: trap_request=0xffffff45 fr.pc=0x0000022e87b95be4 relative=0x0000000000000064
Event: 65.264 Thread 0x0000022e97b92170 Uncommon trap: reason=unstable_if action=reinterpret pc=0x0000022e87b95be4 method=java.lang.StringConcatHelper.mix(JLjava/lang/String;)J @ 13 c2
Event: 65.264 Thread 0x0000022e97b92170 DEOPT PACKING pc=0x0000022e87b95be4 sp=0x00000039131fdc00
Event: 65.264 Thread 0x0000022e97b92170 DEOPT UNPACKING pc=0x0000022e80055ba3 sp=0x00000039131fdb80 mode 2

Classes unloaded (0 events):
No events

Classes redefined (0 events):
No events

Internal exceptions (20 events):
Event: 5.254 Thread 0x0000022eef704e90 Exception <a 'java/lang/NoSuchMethodError'{0x0000000713b32438}: 'java.lang.Object java.lang.invoke.Invokers$Holder.linkToTargetMethod(java.lang.Object, java.lang.Object, java.lang.Object, java.lang.Object, java.lang.Object, java.lang.Object, java.lang.Object, java.lang.Object, java.lang.Object, java.lang.Object, java.lang.Object)'> (0x0000000713b32438) 
thrown [s\open\src\hotspot\share\interpreter\linkResolver.cpp, line 759]
Event: 5.271 Thread 0x0000022eef704e90 Exception <a 'java/lang/NoSuchMethodError'{0x00000007134c3c10}: 'java.lang.Object java.lang.invoke.DirectMethodHandle$Holder.newInvokeSpecial(java.lang.Object, java.lang.Object, java.lang.Object, java.lang.Object, java.lang.Object, java.lang.Object, java.lang.Object, int)'> (0x00000007134c3c10) 
thrown [s\open\src\hotspot\share\interpreter\linkResolver.cpp, line 759]
Event: 5.271 Thread 0x0000022eef704e90 Exception <a 'java/lang/NoSuchMethodError'{0x00000007134c8c08}: 'java.lang.Object java.lang.invoke.DirectMethodHandle$Holder.invokeSpecial(java.lang.Object, java.lang.Object, java.lang.Object, java.lang.Object, java.lang.Object, java.lang.Object, java.lang.Object, java.lang.Object, int)'> (0x00000007134c8c08) 
thrown [s\open\src\hotspot\share\interpreter\linkResolver.cpp, line 759]
Event: 5.285 Thread 0x0000022eef704e90 Exception <a 'java/lang/NoSuchMethodError'{0x00000007135d3608}: 'java.lang.Object java.lang.invoke.DirectMethodHandle$Holder.newInvokeSpecial(java.lang.Object, java.lang.Object, int, java.lang.Object, int, java.lang.Object, java.lang.Object)'> (0x00000007135d3608) 
thrown [s\open\src\hotspot\share\interpreter\linkResolver.cpp, line 759]
Event: 5.288 Thread 0x0000022eef704e90 Exception <a 'java/lang/NoSuchMethodError'{0x0000000713208368}: 'void java.lang.invoke.DirectMethodHandle$Holder.invokeInterface(java.lang.Object, java.lang.Object)'> (0x0000000713208368) 
thrown [s\open\src\hotspot\share\interpreter\linkResolver.cpp, line 759]
Event: 5.717 Thread 0x0000022eef704e90 Exception <a 'java/lang/IncompatibleClassChangeError'{0x00000007069b3610}: Found class java.lang.Object, but interface was expected> (0x00000007069b3610) 
thrown [s\open\src\hotspot\share\interpreter\linkResolver.cpp, line 826]
Event: 5.760 Thread 0x0000022eef704e90 Exception <a 'java/lang/IncompatibleClassChangeError'{0x0000000706717548}: Found class java.lang.Object, but interface was expected> (0x0000000706717548) 
thrown [s\open\src\hotspot\share\interpreter\linkResolver.cpp, line 826]
Event: 6.023 Thread 0x0000022eef704e90 Exception <a 'java/lang/IncompatibleClassChangeError'{0x00000007132431d0}: Found class java.lang.Object, but interface was expected> (0x00000007132431d0) 
thrown [s\open\src\hotspot\share\interpreter\linkResolver.cpp, line 826]
Event: 6.282 Thread 0x0000022eef704e90 Exception <a 'java/lang/IncompatibleClassChangeError'{0x000000070c937430}: Found class java.lang.Object, but interface was expected> (0x000000070c937430) 
thrown [s\open\src\hotspot\share\interpreter\linkResolver.cpp, line 826]
Event: 6.308 Thread 0x0000022eef704e90 Exception <a 'java/lang/NoSuchMethodError'{0x000000070c72e988}: 'void java.lang.invoke.DirectMethodHandle$Holder.invokeVirtual(java.lang.Object, java.lang.Object, long)'> (0x000000070c72e988) 
thrown [s\open\src\hotspot\share\interpreter\linkResolver.cpp, line 759]
Event: 6.513 Thread 0x0000022eef704e90 Exception <a 'java/lang/IncompatibleClassChangeError'{0x0000000713bb6980}: Found class java.lang.Object, but interface was expected> (0x0000000713bb6980) 
thrown [s\open\src\hotspot\share\interpreter\linkResolver.cpp, line 826]
Event: 6.591 Thread 0x0000022eef704e90 Implicit null exception at 0x0000022e87be5dba to 0x0000022e87be5fc4
Event: 6.604 Thread 0x0000022eef704e90 Exception <a 'java/lang/NoSuchMethodError'{0x00000007096e76d8}: 'void java.lang.invoke.DirectMethodHandle$Holder.invokeStatic(java.lang.Object, java.lang.Object, int)'> (0x00000007096e76d8) 
thrown [s\open\src\hotspot\share\interpreter\linkResolver.cpp, line 759]
Event: 6.650 Thread 0x0000022eef704e90 Exception <a 'java/lang/NoSuchMethodError'{0x00000007095ec3c0}: 'java.lang.Object java.lang.invoke.DirectMethodHandle$Holder.newInvokeSpecial(java.lang.Object, java.lang.Object, int, java.lang.Object, java.lang.Object)'> (0x00000007095ec3c0) 
thrown [s\open\src\hotspot\share\interpreter\linkResolver.cpp, line 759]
Event: 6.650 Thread 0x0000022eef704e90 Exception <a 'java/lang/NoSuchMethodError'{0x00000007095f7940}: 'java.lang.Object java.lang.invoke.DirectMethodHandle$Holder.invokeSpecial(java.lang.Object, java.lang.Object, int, java.lang.Object, int, java.lang.Object)'> (0x00000007095f7940) 
thrown [s\open\src\hotspot\share\interpreter\linkResolver.cpp, line 759]
Event: 6.651 Thread 0x0000022eef704e90 Exception <a 'java/lang/NoSuchMethodError'{0x00000007095ff748}: 'java.lang.Object java.lang.invoke.DirectMethodHandle$Holder.newInvokeSpecial(java.lang.Object, java.lang.Object, int, java.lang.Object, int)'> (0x00000007095ff748) 
thrown [s\open\src\hotspot\share\interpreter\linkResolver.cpp, line 759]
Event: 6.651 Thread 0x0000022eef704e90 Exception <a 'java/lang/NoSuchMethodError'{0x00000007092040c8}: 'java.lang.Object java.lang.invoke.DirectMethodHandle$Holder.invokeSpecial(java.lang.Object, java.lang.Object, java.lang.Object, int, java.lang.Object, int)'> (0x00000007092040c8) 
thrown [s\open\src\hotspot\share\interpreter\linkResolver.cpp, line 759]
Event: 24.062 Thread 0x0000022e97b91ca0 Exception <a 'java/lang/NoSuchMethodError'{0x00000007088bab38}: 'java.lang.Object java.lang.invoke.DirectMethodHandle$Holder.invokeSpecial(java.lang.Object, java.lang.Object, java.lang.Object, java.lang.Object, java.lang.Object, long)'> (0x00000007088bab38) 
thrown [s\open\src\hotspot\share\interpreter\linkResolver.cpp, line 759]
Event: 24.063 Thread 0x0000022e97b91ca0 Exception <a 'java/lang/NoSuchMethodError'{0x00000007088be578}: 'java.lang.Object java.lang.invoke.Invokers$Holder.linkToTargetMethod(java.lang.Object, java.lang.Object, java.lang.Object, long, java.lang.Object)'> (0x00000007088be578) 
thrown [s\open\src\hotspot\share\interpreter\linkResolver.cpp, line 759]
Event: 24.167 Thread 0x0000022e97b91ca0 Exception <a 'java/lang/NoSuchMethodError'{0x0000000708693888}: 'java.lang.Object java.lang.invoke.DirectMethodHandle$Holder.invokeStatic(java.lang.Object, int, int)'> (0x0000000708693888) 
thrown [s\open\src\hotspot\share\interpreter\linkResolver.cpp, line 759]

VM Operations (20 events):
Event: 46.402 Executing VM operation: Cleanup
Event: 46.402 Executing VM operation: Cleanup done
Event: 65.570 Executing VM operation: Cleanup
Event: 65.570 Executing VM operation: Cleanup done
Event: 144.171 Executing VM operation: Cleanup
Event: 144.171 Executing VM operation: Cleanup done
Event: 156.279 Executing VM operation: Cleanup
Event: 156.279 Executing VM operation: Cleanup done
Event: 183.464 Executing VM operation: Cleanup
Event: 183.464 Executing VM operation: Cleanup done
Event: 203.601 Executing VM operation: Cleanup
Event: 203.601 Executing VM operation: Cleanup done
Event: 204.611 Executing VM operation: Cleanup
Event: 204.612 Executing VM operation: Cleanup done
Event: 206.631 Executing VM operation: Cleanup
Event: 206.632 Executing VM operation: Cleanup done
Event: 213.681 Executing VM operation: Cleanup
Event: 213.681 Executing VM operation: Cleanup done
Event: 223.764 Executing VM operation: Cleanup
Event: 223.764 Executing VM operation: Cleanup done

Events (20 events):
Event: 24.167 loading class java/util/ArrayList$SubList$2
Event: 24.168 loading class java/util/ArrayList$SubList$2 done
Event: 24.201 loading class java/time/format/DateTimeFormatterBuilder$ZoneTextPrinterParser
Event: 24.201 loading class java/time/format/DateTimeFormatterBuilder$ZoneTextPrinterParser done
Event: 24.202 loading class java/time/format/DateTimeFormatterBuilder$ReducedPrinterParser
Event: 24.202 loading class java/time/format/DateTimeFormatterBuilder$ReducedPrinterParser done
Event: 24.207 loading class java/util/OptionalLong
Event: 24.207 loading class java/util/OptionalLong done
Event: 24.207 loading class java/util/OptionalDouble
Event: 24.207 loading class java/util/OptionalDouble done
Event: 24.214 loading class java/util/AbstractMap$SimpleEntry
Event: 24.214 loading class java/util/AbstractMap$SimpleEntry done
Event: 24.226 loading class java/util/stream/LongStream
Event: 24.226 loading class java/util/stream/LongStream done
Event: 24.226 loading class java/util/stream/DoubleStream
Event: 24.226 loading class java/util/stream/DoubleStream done
Event: 65.143 loading class org/w3c/dom/Node
Event: 65.143 loading class org/w3c/dom/Node done
Event: 65.143 loading class org/w3c/dom/Document
Event: 65.144 loading class org/w3c/dom/Document done


Dynamic libraries:
0x00007ff751d40000 - 0x00007ff751d50000 	C:\Program Files\Java\jdk-17.0.5\bin\javaw.exe
0x00007ffbe1510000 - 0x00007ffbe1724000 	C:\WINDOWS\SYSTEM32\ntdll.dll
0x00007ffbe0f50000 - 0x00007ffbe1012000 	C:\WINDOWS\System32\KERNEL32.DLL
0x00007ffbdeef0000 - 0x00007ffbdf293000 	C:\WINDOWS\System32\KERNELBASE.dll
0x00007ffbdeb40000 - 0x00007ffbdec51000 	C:\WINDOWS\System32\ucrtbase.dll
0x00007ffbdd240000 - 0x00007ffbdd25a000 	C:\Program Files\Java\jdk-17.0.5\bin\VCRUNTIME140.dll
0x00007ffbd6c50000 - 0x00007ffbd6c68000 	C:\Program Files\Java\jdk-17.0.5\bin\jli.dll
0x00007ffbe0880000 - 0x00007ffbe092e000 	C:\WINDOWS\System32\ADVAPI32.dll
0x00007ffbdfea0000 - 0x00007ffbdff47000 	C:\WINDOWS\System32\msvcrt.dll
0x00007ffbe05e0000 - 0x00007ffbe0684000 	C:\WINDOWS\System32\sechost.dll
0x00007ffbe1050000 - 0x00007ffbe1167000 	C:\WINDOWS\System32\RPCRT4.dll
0x00007ffbdfb10000 - 0x00007ffbdfcbb000 	C:\WINDOWS\System32\USER32.dll
0x00007ffbde9b0000 - 0x00007ffbde9d6000 	C:\WINDOWS\System32\win32u.dll
0x00007ffbdfde0000 - 0x00007ffbdfe09000 	C:\WINDOWS\System32\GDI32.dll
0x00007ffbdde70000 - 0x00007ffbde0fe000 	C:\WINDOWS\WinSxS\amd64_microsoft.windows.common-controls_6595b64144ccf1df_6.0.22621.1635_none_270f70857386168e\COMCTL32.dll
0x00007ffbdedd0000 - 0x00007ffbdeee8000 	C:\WINDOWS\System32\gdi32full.dll
0x00007ffbdeaa0000 - 0x00007ffbdeb3a000 	C:\WINDOWS\System32\msvcp_win.dll
0x00007ffbdcd00000 - 0x00007ffbdcd0a000 	C:\WINDOWS\SYSTEM32\VERSION.dll
0x00007ffbe1220000 - 0x00007ffbe1251000 	C:\WINDOWS\System32\IMM32.DLL
0x00007ffbdd9b0000 - 0x00007ffbdd9bc000 	C:\Program Files\Java\jdk-17.0.5\bin\vcruntime140_1.dll
0x00007ffbb2490000 - 0x00007ffbb251d000 	C:\Program Files\Java\jdk-17.0.5\bin\msvcp140.dll
0x00007ffb68e40000 - 0x00007ffb69a02000 	C:\Program Files\Java\jdk-17.0.5\bin\server\jvm.dll
0x00007ffbe1020000 - 0x00007ffbe1028000 	C:\WINDOWS\System32\PSAPI.DLL
0x00007ffbd53d0000 - 0x00007ffbd5404000 	C:\WINDOWS\SYSTEM32\WINMM.dll
0x00007ffbb1a90000 - 0x00007ffbb1a99000 	C:\WINDOWS\SYSTEM32\WSOCK32.dll
0x00007ffbdfe10000 - 0x00007ffbdfe81000 	C:\WINDOWS\System32\WS2_32.dll
0x00007ffbdcaf0000 - 0x00007ffbdcb08000 	C:\WINDOWS\SYSTEM32\kernel.appcore.dll
0x00007ffbdd5c0000 - 0x00007ffbdd5ca000 	C:\Program Files\Java\jdk-17.0.5\bin\jimage.dll
0x00007ffbde3a0000 - 0x00007ffbde5ce000 	C:\WINDOWS\SYSTEM32\DBGHELP.DLL
0x00007ffbe01d0000 - 0x00007ffbe0559000 	C:\WINDOWS\System32\combase.dll
0x00007ffbe07a0000 - 0x00007ffbe0877000 	C:\WINDOWS\System32\OLEAUT32.dll
0x00007ffbde120000 - 0x00007ffbde152000 	C:\WINDOWS\SYSTEM32\dbgcore.DLL
0x00007ffbde930000 - 0x00007ffbde9ab000 	C:\WINDOWS\System32\bcryptPrimitives.dll
0x00007ffbc8f40000 - 0x00007ffbc8f65000 	C:\Program Files\Java\jdk-17.0.5\bin\java.dll
0x00007ffbb0be0000 - 0x00007ffbb0cb6000 	C:\Program Files\Java\jdk-17.0.5\bin\jsvml.dll
0x00007ffbdf310000 - 0x00007ffbdfb0a000 	C:\WINDOWS\System32\SHELL32.dll
0x00007ffbdba30000 - 0x00007ffbdc2fe000 	C:\WINDOWS\SYSTEM32\windows.storage.dll
0x00007ffbdb8f0000 - 0x00007ffbdba2e000 	C:\WINDOWS\SYSTEM32\wintypes.dll
0x00007ffbe00d0000 - 0x00007ffbe01c1000 	C:\WINDOWS\System32\SHCORE.dll
0x00007ffbe0070000 - 0x00007ffbe00ce000 	C:\WINDOWS\System32\shlwapi.dll
0x00007ffbde860000 - 0x00007ffbde881000 	C:\WINDOWS\SYSTEM32\profapi.dll
0x00007ffbca4e0000 - 0x00007ffbca4f9000 	C:\Program Files\Java\jdk-17.0.5\bin\net.dll
0x00007ffbd6770000 - 0x00007ffbd68a7000 	C:\WINDOWS\SYSTEM32\WINHTTP.dll
0x00007ffbdcf40000 - 0x00007ffbdcfa9000 	C:\WINDOWS\system32\mswsock.dll
0x00007ffbca220000 - 0x00007ffbca236000 	C:\Program Files\Java\jdk-17.0.5\bin\nio.dll
0x00007ffbcc6f0000 - 0x00007ffbcc708000 	C:\Program Files\Java\jdk-17.0.5\bin\zip.dll
0x00007ffbde5d0000 - 0x00007ffbde5eb000 	C:\WINDOWS\SYSTEM32\CRYPTSP.dll
0x00007ffbdca60000 - 0x00007ffbdca95000 	C:\WINDOWS\system32\rsaenh.dll
0x00007ffbdd040000 - 0x00007ffbdd068000 	C:\WINDOWS\SYSTEM32\USERENV.dll
0x00007ffbde1f0000 - 0x00007ffbde218000 	C:\WINDOWS\SYSTEM32\bcrypt.dll
0x00007ffbdd1a0000 - 0x00007ffbdd1ac000 	C:\WINDOWS\SYSTEM32\CRYPTBASE.dll
0x00007ffbdc660000 - 0x00007ffbdc68d000 	C:\WINDOWS\SYSTEM32\IPHLPAPI.DLL
0x00007ffbe0690000 - 0x00007ffbe0699000 	C:\WINDOWS\System32\NSI.dll
0x00007ffbd5a10000 - 0x00007ffbd5a29000 	C:\WINDOWS\SYSTEM32\dhcpcsvc6.DLL
0x00007ffbd5760000 - 0x00007ffbd577f000 	C:\WINDOWS\SYSTEM32\dhcpcsvc.DLL
0x00007ffbdc690000 - 0x00007ffbdc783000 	C:\WINDOWS\SYSTEM32\DNSAPI.dll
0x00007ffbd6c40000 - 0x00007ffbd6c4e000 	C:\Program Files\Java\jdk-17.0.5\bin\sunmscapi.dll
0x00007ffbdec60000 - 0x00007ffbdedc7000 	C:\WINDOWS\System32\CRYPT32.dll
0x00007ffbddc30000 - 0x00007ffbddc5e000 	C:\WINDOWS\SYSTEM32\ncrypt.dll
0x00007ffbddbf0000 - 0x00007ffbddc27000 	C:\WINDOWS\SYSTEM32\NTASN1.dll
0x00007ffbd54e0000 - 0x00007ffbd54e9000 	C:\Program Files\Java\jdk-17.0.5\bin\management.dll
0x00007ffbd09a0000 - 0x00007ffbd09ab000 	C:\Program Files\Java\jdk-17.0.5\bin\management_ext.dll
0x00007ffbd6d00000 - 0x00007ffbd6d10000 	C:\Program Files\Java\jdk-17.0.5\bin\verify.dll
0x00007ffbd4250000 - 0x00007ffbd425a000 	C:\Windows\System32\rasadhlp.dll
0x00007ffbd4540000 - 0x00007ffbd45c4000 	C:\WINDOWS\System32\fwpuclnt.dll
0x00007ffbca110000 - 0x00007ffbca118000 	C:\WINDOWS\system32\wshunix.dll

dbghelp: loaded successfully - version: 4.0.5 - missing functions: none
symbol engine: initialized successfully - sym options: 0x614 - pdb path: .;C:\Program Files\Java\jdk-17.0.5\bin;C:\WINDOWS\SYSTEM32;C:\WINDOWS\WinSxS\amd64_microsoft.windows.common-controls_6595b64144ccf1df_6.0.22621.1635_none_270f70857386168e;C:\Program Files\Java\jdk-17.0.5\bin\server

VM Arguments:
jvm_args: -Dfile.encoding=UTF-8 -XX:+ShowCodeDetailsInExceptionMessages 
java_command: pet.store.PetStoreApplication
java_class_path (initial): C:\Users\Jake\eclipse-workspace\pet-store\target\classes;C:\Users\Jake\.m2\repository\org\springframework\boot\spring-boot-starter-data-jpa\3.1.0\spring-boot-starter-data-jpa-3.1.0.jar;C:\Users\Jake\.m2\repository\org\springframework\boot\spring-boot-starter-aop\3.1.0\spring-boot-starter-aop-3.1.0.jar;C:\Users\Jake\.m2\repository\org\springframework\spring-aop\6.0.9\spring-aop-6.0.9.jar;C:\Users\Jake\.m2\repository\org\aspectj\aspectjweaver\1.9.19\aspectjweaver-1.9.19.jar;C:\Users\Jake\.m2\repository\org\springframework\boot\spring-boot-starter-jdbc\3.1.0\spring-boot-starter-jdbc-3.1.0.jar;C:\Users\Jake\.m2\repository\com\zaxxer\HikariCP\5.0.1\HikariCP-5.0.1.jar;C:\Users\Jake\.m2\repository\org\springframework\spring-jdbc\6.0.9\spring-jdbc-6.0.9.jar;C:\Users\Jake\.m2\repository\org\hibernate\orm\hibernate-core\6.2.2.Final\hibernate-core-6.2.2.Final.jar;C:\Users\Jake\.m2\repository\jakarta\persistence\jakarta.persistence-api\3.1.0\jakarta.persistence-api-3.1.0.jar;C:\Users\Jake\.m2\repository\jakarta\transaction\jakarta.transaction-api\2.0.1\jakarta.transaction-api-2.0.1.jar;C:\Users\Jake\.m2\repository\org\jboss\logging\jboss-logging\3.5.0.Final\jboss-logging-3.5.0.Final.jar;C:\Users\Jake\.m2\repository\org\hibernate\common\hibernate-commons-annotations\6.0.6.Final\hibernate-commons-annotations-6.0.6.Final.jar;C:\Users\Jake\.m2\repository\io\smallrye\jandex\3.0.5\jandex-3.0.5.jar;C:\Users\Jake\.m2\repository\com\fasterxml\classmate\1.5.1\classmate-1.5.1.jar;C:\Users\Jake\.m2\repository\net\bytebuddy\byte-buddy\1.14.4\byte-buddy-1.14.4.jar;C:\Users\Jake\.m2\repository\org\glassfish\jaxb\jaxb-runtime\4.0.2\jaxb-runtime-4.0.2.jar;C:\Users\Jake\.m2\repository\org\glassfish\jaxb\jaxb-core\4.0.2\jaxb-core-4.0.2.jar;C:\Users\Jake\.m2\repository\org\eclipse\angus\angus-activation\2.0.0\angus-activation-2.0.0.jar;C:\Users\Jake\.m2\repository\org\glassfish\jaxb\txw2\4.0.2\txw2-4.0.2.jar;C:\Users\Jake\.m2\repository\com\sun\istack\istack-commons-ru
Launcher Type: SUN_STANDARD

[Global flags]
     intx CICompilerCount                          = 4                                         {product} {ergonomic}
     uint ConcGCThreads                            = 2                                         {product} {ergonomic}
     uint G1ConcRefinementThreads                  = 8                                         {product} {ergonomic}
   size_t G1HeapRegionSize                         = 2097152                                   {product} {ergonomic}
    uintx GCDrainStackTargetSize                   = 64                                        {product} {ergonomic}
   size_t InitialHeapSize                          = 266338304                                 {product} {ergonomic}
   size_t MarkStackSize                            = 4194304                                   {product} {ergonomic}
   size_t MaxHeapSize                              = 4229955584                                {product} {ergonomic}
   size_t MaxNewSize                               = 2537553920                                {product} {ergonomic}
   size_t MinHeapDeltaBytes                        = 2097152                                   {product} {ergonomic}
   size_t MinHeapSize                              = 8388608                                   {product} {ergonomic}
    uintx NonNMethodCodeHeapSize                   = 5839372                                {pd product} {ergonomic}
    uintx NonProfiledCodeHeapSize                  = 122909434                              {pd product} {ergonomic}
    uintx ProfiledCodeHeapSize                     = 122909434                              {pd product} {ergonomic}
    uintx ReservedCodeCacheSize                    = 251658240                              {pd product} {ergonomic}
     bool SegmentedCodeCache                       = true                                      {product} {ergonomic}
     bool ShowCodeDetailsInExceptionMessages       = true                                   {manageable} {command line}
   size_t SoftMaxHeapSize                          = 4229955584                             {manageable} {ergonomic}
     bool UseCompressedClassPointers               = true                           {product lp64_product} {ergonomic}
     bool UseCompressedOops                        = true                           {product lp64_product} {ergonomic}
     bool UseG1GC                                  = true                                      {product} {ergonomic}
     bool UseLargePagesIndividualAllocation        = false                                  {pd product} {ergonomic}

Logging:
Log output configuration:
 #0: stdout all=warning uptime,level,tags
 #1: stderr all=off uptime,level,tags

Environment Variables:
PATH=C:\Program Files\Common Files\Oracle\Java\javapath;C:\Program Files (x86)\Common Files\Oracle\Java\javapath;C:\windows\system32;C:\windows;C:\windows\System32\Wbem;C:\windows\System32\WindowsPowerShell\v1.0\;C:\windows\System32\OpenSSH\;C:\Program Files (x86)\NVIDIA Corporation\PhysX\Common;C:\Program Files\NVIDIA Corporation\NVIDIA NvDLISR;C:\Program Files\Git\cmd;C:\WINDOWS\system32;C:\WINDOWS;C:\WINDOWS\System32\Wbem;C:\WINDOWS\System32\WindowsPowerShell\v1.0\;C:\WINDOWS\System32\OpenSSH\;C:\Users\Jake\AppData\Local\Microsoft\WindowsApps;C:\Users\Jake\AppData\Local\GitHubDesktop\bin;
USERNAME=Jake
OS=Windows_NT
PROCESSOR_IDENTIFIER=Intel64 Family 6 Model 140 Stepping 2, GenuineIntel



---------------  S Y S T E M  ---------------

OS:
 Windows 11 , 64 bit Build 22621 (10.0.22621.1635)
OS uptime: 32 days 20:51 hours

CPU: total 8 (initial active 8) (4 cores per cpu, 2 threads per core) family 6 model 140 stepping 2 microcode 0x28, cx8, cmov, fxsr, ht, mmx, 3dnowpref, sse, sse2, sse3, ssse3, sse4.1, sse4.2, popcnt, lzcnt, tsc, tscinvbit, avx, avx2, aes, erms, clmul, bmi1, bmi2, adx, avx512f, avx512dq, avx512cd, avx512bw, avx512vl, sha, fma, vzeroupper, avx512_vpopcntdq, avx512_vpclmulqdq, avx512_vaes, avx512_vnni, clflush, clflushopt, clwb, avx512_vbmi2, avx512_vbmi

Memory: 4k page, system-wide physical 16129M (2026M free)
TotalPageFile size 31489M (AvailPageFile size 7736M)
current process WorkingSet (physical memory assigned to process): 216M, peak: 285M
current process commit charge ("private bytes"): 287M, peak: 424M

vm_info: Java HotSpot(TM) 64-Bit Server VM (17.0.5+9-LTS-191) for windows-amd64 JRE (17.0.5+9-LTS-191), built on Sep 13 2022 17:31:43 by "mach5one" with MS VC++ 16.8 / 16.9 (VS2019)

END.
